Compilation of the CXX compiler identification source "CMakeCXXCompilerId.cpp" did not produce an executable in "/cygdrive/f/ITU ALL DATA/SEMESTER 2/OBJECT ORIENTED PROGRAMMING/ASSIGNMENTS/2022-spring-ce-oop-week6-labtask-a-bsce21012/cmake-build-debug/CMakeFiles/3.20.2/CompilerIdCXX".

Compiling the CXX compiler identification source file "CMakeCXXCompilerId.cpp" failed.
Compiler: /usr/bin/cygstart.exe 
Build flags: 
Id flags: -c 

The output was:
2
/usr/bin/cygstart: bad argument -c: unknown option


Compiling the CXX compiler identification source file "CMakeCXXCompilerId.cpp" failed.
Compiler: /usr/bin/cygstart.exe 
Build flags: 
Id flags: --c++ 

The output was:
2
/usr/bin/cygstart: bad argument --c++: unknown option


Compiling the CXX compiler identification source file "CMakeCXXCompilerId.cpp" failed.
Compiler: /usr/bin/cygstart.exe 
Build flags: 
Id flags: --ec++ 

The output was:
2
/usr/bin/cygstart: bad argument --ec++: unknown option


Compiling the CXX compiler identification source file "CMakeCXXCompilerId.cpp" failed.
Compiler: /usr/bin/cygstart.exe 
Build flags: 
Id flags: --target=arm-arm-none-eabi;-mcpu=cortex-m3 

The output was:
2
/usr/bin/cygstart: bad argument --target=arm-arm-none-eabi: unknown option


Compilation of the CXX compiler identification source "CMakeCXXCompilerId.cpp" did not produce an executable in "/cygdrive/f/ITU ALL DATA/SEMESTER 2/OBJECT ORIENTED PROGRAMMING/ASSIGNMENTS/2022-spring-ce-oop-week6-labtask-a-bsce21012/cmake-build-debug/CMakeFiles/3.20.2/CompilerIdCXX".

Compiling the CXX compiler identification source file "CMakeCXXCompilerId.cpp" failed.
Compiler: /usr/bin/cygstart.exe 
Build flags: 
Id flags: -c 

The output was:
2
/usr/bin/cygstart: bad argument -c: unknown option


Compiling the CXX compiler identification source file "CMakeCXXCompilerId.cpp" failed.
Compiler: /usr/bin/cygstart.exe 
Build flags: 
Id flags: --c++ 

The output was:
2
/usr/bin/cygstart: bad argument --c++: unknown option


Compiling the CXX compiler identification source file "CMakeCXXCompilerId.cpp" failed.
Compiler: /usr/bin/cygstart.exe 
Build flags: 
Id flags: --ec++ 

The output was:
2
/usr/bin/cygstart: bad argument --ec++: unknown option


Compiling the CXX compiler identification source file "CMakeCXXCompilerId.cpp" failed.
Compiler: /usr/bin/cygstart.exe 
Build flags: 
Id flags: --target=arm-arm-none-eabi;-mcpu=cortex-m3 

The output was:
2
/usr/bin/cygstart: bad argument --target=arm-arm-none-eabi: unknown option


Checking whether the CXX compiler is IAR using "" did not match "IAR .+ Compiler":
Usage: cygstart [-oxefpwv?] [-a|--action=STRING] [-o|--open] [-x|--explore]
        [-e|--edit] [-f|--find] [-p|--print] [-d|--directory=STRING]
        [--hide] [--maximize] [--minimize] [--restore] [--show]
        [--showmaximized] [--showminimized] [--showminnoactive] [--showna]
        [--shownoactivate] [--shownormal] [-w|--wait] [-v|--verbose]
        [-?|--help] [--usage] [--version] [--license] [--reference]
        [OPTION]... FILE [ARGUMENTS]
Checking whether the CXX compiler is IAR using "" did not match "IAR .+ Compiler":
Usage: cygstart [-oxefpwv?] [-a|--action=STRING] [-o|--open] [-x|--explore]
        [-e|--edit] [-f|--find] [-p|--print] [-d|--directory=STRING]
        [--hide] [--maximize] [--minimize] [--restore] [--show]
        [--showmaximized] [--showminimized] [--showminnoactive] [--showna]
        [--shownoactivate] [--shownormal] [-w|--wait] [-v|--verbose]
        [-?|--help] [--usage] [--version] [--license] [--reference]
        [OPTION]... FILE [ARGUMENTS]
Detecting CXX compiler ABI info failed to compile with the following output:
Change Dir: /cygdrive/f/ITU ALL DATA/SEMESTER 2/OBJECT ORIENTED PROGRAMMING/ASSIGNMENTS/2022-spring-ce-oop-week6-labtask-a-bsce21012/cmake-build-debug/CMakeFiles/CMakeTmp

Run Build Command(s):/usr/bin/make.exe -f Makefile cmTC_aec39/fast && /usr/bin/make  -f CMakeFiles/cmTC_aec39.dir/build.make CMakeFiles/cmTC_aec39.dir/build
make[1]: Entering directory '/cygdrive/f/ITU ALL DATA/SEMESTER 2/OBJECT ORIENTED PROGRAMMING/ASSIGNMENTS/2022-spring-ce-oop-week6-labtask-a-bsce21012/cmake-build-debug/CMakeFiles/CMakeTmp'
Building CXX object CMakeFiles/cmTC_aec39.dir/CMakeCXXCompilerABI.cpp.o
/usr/bin/cygstart.exe    -o CMakeFiles/cmTC_aec39.dir/CMakeCXXCompilerABI.cpp.o -c /cygdrive/c/Users/Lenovo/AppData/Local/JetBrains/CLion2021.2/cygwin_cmake/share/cmake-3.20.2/Modules/CMakeCXXCompilerABI.cpp
Unable to start 'CMakeFiles\cmTC_aec39.dir\CMakeCXXCompilerABI.cpp.o': The specified file was not found.
make[1]: *** [CMakeFiles/cmTC_aec39.dir/build.make:78: CMakeFiles/cmTC_aec39.dir/CMakeCXXCompilerABI.cpp.o] Error 1
make[1]: Leaving directory '/cygdrive/f/ITU ALL DATA/SEMESTER 2/OBJECT ORIENTED PROGRAMMING/ASSIGNMENTS/2022-spring-ce-oop-week6-labtask-a-bsce21012/cmake-build-debug/CMakeFiles/CMakeTmp'
make: *** [Makefile:127: cmTC_aec39/fast] Error 2




Determining if the CXX compiler works failed with the following output:
Change Dir: /cygdrive/f/ITU ALL DATA/SEMESTER 2/OBJECT ORIENTED PROGRAMMING/ASSIGNMENTS/2022-spring-ce-oop-week6-labtask-a-bsce21012/cmake-build-debug/CMakeFiles/CMakeTmp

Run Build Command(s):/usr/bin/make.exe -f Makefile cmTC_2f9e8/fast && /usr/bin/make  -f CMakeFiles/cmTC_2f9e8.dir/build.make CMakeFiles/cmTC_2f9e8.dir/build
make[1]: Entering directory '/cygdrive/f/ITU ALL DATA/SEMESTER 2/OBJECT ORIENTED PROGRAMMING/ASSIGNMENTS/2022-spring-ce-oop-week6-labtask-a-bsce21012/cmake-build-debug/CMakeFiles/CMakeTmp'
Building CXX object CMakeFiles/cmTC_2f9e8.dir/testCXXCompiler.cxx.o
/usr/bin/cygstart.exe    -o CMakeFiles/cmTC_2f9e8.dir/testCXXCompiler.cxx.o -c "/cygdrive/f/ITU ALL DATA/SEMESTER 2/OBJECT ORIENTED PROGRAMMING/ASSIGNMENTS/2022-spring-ce-oop-week6-labtask-a-bsce21012/cmake-build-debug/CMakeFiles/CMakeTmp/testCXXCompiler.cxx"
Unable to start 'CMakeFiles\cmTC_2f9e8.dir\testCXXCompiler.cxx.o': The specified file was not found.
make[1]: *** [CMakeFiles/cmTC_2f9e8.dir/build.make:78: CMakeFiles/cmTC_2f9e8.dir/testCXXCompiler.cxx.o] Error 1
make[1]: Leaving directory '/cygdrive/f/ITU ALL DATA/SEMESTER 2/OBJECT ORIENTED PROGRAMMING/ASSIGNMENTS/2022-spring-ce-oop-week6-labtask-a-bsce21012/cmake-build-debug/CMakeFiles/CMakeTmp'
make: *** [Makefile:127: cmTC_2f9e8/fast] Error 2



Compilation of the CXX compiler identification source "CMakeCXXCompilerId.cpp" did not produce an executable in "/cygdrive/f/ITU ALL DATA/SEMESTER 2/OBJECT ORIENTED PROGRAMMING/ASSIGNMENTS/2022-spring-ce-oop-week6-labtask-a-bsce21012/cmake-build-debug/CMakeFiles/3.20.2/CompilerIdCXX".

Compiling the CXX compiler identification source file "CMakeCXXCompilerId.cpp" failed.
Compiler: /usr/bin/cygstart.exe 
Build flags: 
Id flags: -c 

The output was:
2
/usr/bin/cygstart: bad argument -c: unknown option


Compiling the CXX compiler identification source file "CMakeCXXCompilerId.cpp" failed.
Compiler: /usr/bin/cygstart.exe 
Build flags: 
Id flags: --c++ 

The output was:
2
/usr/bin/cygstart: bad argument --c++: unknown option


Compiling the CXX compiler identification source file "CMakeCXXCompilerId.cpp" failed.
Compiler: /usr/bin/cygstart.exe 
Build flags: 
Id flags: --ec++ 

The output was:
2
/usr/bin/cygstart: bad argument --ec++: unknown option


Compiling the CXX compiler identification source file "CMakeCXXCompilerId.cpp" failed.
Compiler: /usr/bin/cygstart.exe 
Build flags: 
Id flags: --target=arm-arm-none-eabi;-mcpu=cortex-m3 

The output was:
2
/usr/bin/cygstart: bad argument --target=arm-arm-none-eabi: unknown option


Compilation of the CXX compiler identification source "CMakeCXXCompilerId.cpp" did not produce an executable in "/cygdrive/f/ITU ALL DATA/SEMESTER 2/OBJECT ORIENTED PROGRAMMING/ASSIGNMENTS/2022-spring-ce-oop-week6-labtask-a-bsce21012/cmake-build-debug/CMakeFiles/3.20.2/CompilerIdCXX".

Compiling the CXX compiler identification source file "CMakeCXXCompilerId.cpp" failed.
Compiler: /usr/bin/cygstart.exe 
Build flags: 
Id flags: -c 

The output was:
2
/usr/bin/cygstart: bad argument -c: unknown option


Compiling the CXX compiler identification source file "CMakeCXXCompilerId.cpp" failed.
Compiler: /usr/bin/cygstart.exe 
Build flags: 
Id flags: --c++ 

The output was:
2
/usr/bin/cygstart: bad argument --c++: unknown option


Compiling the CXX compiler identification source file "CMakeCXXCompilerId.cpp" failed.
Compiler: /usr/bin/cygstart.exe 
Build flags: 
Id flags: --ec++ 

The output was:
2
/usr/bin/cygstart: bad argument --ec++: unknown option


Compiling the CXX compiler identification source file "CMakeCXXCompilerId.cpp" failed.
Compiler: /usr/bin/cygstart.exe 
Build flags: 
Id flags: --target=arm-arm-none-eabi;-mcpu=cortex-m3 

The output was:
2
/usr/bin/cygstart: bad argument --target=arm-arm-none-eabi: unknown option


Checking whether the CXX compiler is IAR using "" did not match "IAR .+ Compiler":
Usage: cygstart [-oxefpwv?] [-a|--action=STRING] [-o|--open] [-x|--explore]
        [-e|--edit] [-f|--find] [-p|--print] [-d|--directory=STRING]
        [--hide] [--maximize] [--minimize] [--restore] [--show]
        [--showmaximized] [--showminimized] [--showminnoactive] [--showna]
        [--shownoactivate] [--shownormal] [-w|--wait] [-v|--verbose]
        [-?|--help] [--usage] [--version] [--license] [--reference]
        [OPTION]... FILE [ARGUMENTS]
Checking whether the CXX compiler is IAR using "" did not match "IAR .+ Compiler":
Usage: cygstart [-oxefpwv?] [-a|--action=STRING] [-o|--open] [-x|--explore]
        [-e|--edit] [-f|--find] [-p|--print] [-d|--directory=STRING]
        [--hide] [--maximize] [--minimize] [--restore] [--show]
        [--showmaximized] [--showminimized] [--showminnoactive] [--showna]
        [--shownoactivate] [--shownormal] [-w|--wait] [-v|--verbose]
        [-?|--help] [--usage] [--version] [--license] [--reference]
        [OPTION]... FILE [ARGUMENTS]
Detecting CXX compiler ABI info failed to compile with the following output:
Change Dir: /cygdrive/f/ITU ALL DATA/SEMESTER 2/OBJECT ORIENTED PROGRAMMING/ASSIGNMENTS/2022-spring-ce-oop-week6-labtask-a-bsce21012/cmake-build-debug/CMakeFiles/CMakeTmp

Run Build Command(s):/usr/bin/make.exe -f Makefile cmTC_ada1e/fast && /usr/bin/make  -f CMakeFiles/cmTC_ada1e.dir/build.make CMakeFiles/cmTC_ada1e.dir/build
make[1]: Entering directory '/cygdrive/f/ITU ALL DATA/SEMESTER 2/OBJECT ORIENTED PROGRAMMING/ASSIGNMENTS/2022-spring-ce-oop-week6-labtask-a-bsce21012/cmake-build-debug/CMakeFiles/CMakeTmp'
Building CXX object CMakeFiles/cmTC_ada1e.dir/CMakeCXXCompilerABI.cpp.o
/usr/bin/cygstart.exe    -o CMakeFiles/cmTC_ada1e.dir/CMakeCXXCompilerABI.cpp.o -c /cygdrive/c/Users/Lenovo/AppData/Local/JetBrains/CLion2021.2/cygwin_cmake/share/cmake-3.20.2/Modules/CMakeCXXCompilerABI.cpp
Unable to start 'CMakeFiles\cmTC_ada1e.dir\CMakeCXXCompilerABI.cpp.o': The specified file was not found.
make[1]: *** [CMakeFiles/cmTC_ada1e.dir/build.make:78: CMakeFiles/cmTC_ada1e.dir/CMakeCXXCompilerABI.cpp.o] Error 1
make[1]: Leaving directory '/cygdrive/f/ITU ALL DATA/SEMESTER 2/OBJECT ORIENTED PROGRAMMING/ASSIGNMENTS/2022-spring-ce-oop-week6-labtask-a-bsce21012/cmake-build-debug/CMakeFiles/CMakeTmp'
make: *** [Makefile:127: cmTC_ada1e/fast] Error 2




Determining if the CXX compiler works failed with the following output:
Change Dir: /cygdrive/f/ITU ALL DATA/SEMESTER 2/OBJECT ORIENTED PROGRAMMING/ASSIGNMENTS/2022-spring-ce-oop-week6-labtask-a-bsce21012/cmake-build-debug/CMakeFiles/CMakeTmp

Run Build Command(s):/usr/bin/make.exe -f Makefile cmTC_9ce49/fast && /usr/bin/make  -f CMakeFiles/cmTC_9ce49.dir/build.make CMakeFiles/cmTC_9ce49.dir/build
make[1]: Entering directory '/cygdrive/f/ITU ALL DATA/SEMESTER 2/OBJECT ORIENTED PROGRAMMING/ASSIGNMENTS/2022-spring-ce-oop-week6-labtask-a-bsce21012/cmake-build-debug/CMakeFiles/CMakeTmp'
Building CXX object CMakeFiles/cmTC_9ce49.dir/testCXXCompiler.cxx.o
/usr/bin/cygstart.exe    -o CMakeFiles/cmTC_9ce49.dir/testCXXCompiler.cxx.o -c "/cygdrive/f/ITU ALL DATA/SEMESTER 2/OBJECT ORIENTED PROGRAMMING/ASSIGNMENTS/2022-spring-ce-oop-week6-labtask-a-bsce21012/cmake-build-debug/CMakeFiles/CMakeTmp/testCXXCompiler.cxx"
Unable to start 'CMakeFiles\cmTC_9ce49.dir\testCXXCompiler.cxx.o': The specified file was not found.
make[1]: *** [CMakeFiles/cmTC_9ce49.dir/build.make:78: CMakeFiles/cmTC_9ce49.dir/testCXXCompiler.cxx.o] Error 1
make[1]: Leaving directory '/cygdrive/f/ITU ALL DATA/SEMESTER 2/OBJECT ORIENTED PROGRAMMING/ASSIGNMENTS/2022-spring-ce-oop-week6-labtask-a-bsce21012/cmake-build-debug/CMakeFiles/CMakeTmp'
make: *** [Makefile:127: cmTC_9ce49/fast] Error 2



Compilation of the CXX compiler identification source "CMakeCXXCompilerId.cpp" did not produce an executable in "/cygdrive/f/ITU ALL DATA/SEMESTER 2/OBJECT ORIENTED PROGRAMMING/ASSIGNMENTS/2022-spring-ce-oop-week6-labtask-a-bsce21012/cmake-build-debug/CMakeFiles/3.20.2/CompilerIdCXX".

Compiling the CXX compiler identification source file "CMakeCXXCompilerId.cpp" failed.
Compiler: /usr/bin/cygstart.exe 
Build flags: 
Id flags: -c 

The output was:
2
/usr/bin/cygstart: bad argument -c: unknown option


Compiling the CXX compiler identification source file "CMakeCXXCompilerId.cpp" failed.
Compiler: /usr/bin/cygstart.exe 
Build flags: 
Id flags: --c++ 

The output was:
2
/usr/bin/cygstart: bad argument --c++: unknown option


Compiling the CXX compiler identification source file "CMakeCXXCompilerId.cpp" failed.
Compiler: /usr/bin/cygstart.exe 
Build flags: 
Id flags: --ec++ 

The output was:
2
/usr/bin/cygstart: bad argument --ec++: unknown option


Compiling the CXX compiler identification source file "CMakeCXXCompilerId.cpp" failed.
Compiler: /usr/bin/cygstart.exe 
Build flags: 
Id flags: --target=arm-arm-none-eabi;-mcpu=cortex-m3 

The output was:
2
/usr/bin/cygstart: bad argument --target=arm-arm-none-eabi: unknown option


Compilation of the CXX compiler identification source "CMakeCXXCompilerId.cpp" did not produce an executable in "/cygdrive/f/ITU ALL DATA/SEMESTER 2/OBJECT ORIENTED PROGRAMMING/ASSIGNMENTS/2022-spring-ce-oop-week6-labtask-a-bsce21012/cmake-build-debug/CMakeFiles/3.20.2/CompilerIdCXX".

Compiling the CXX compiler identification source file "CMakeCXXCompilerId.cpp" failed.
Compiler: /usr/bin/cygstart.exe 
Build flags: 
Id flags: -c 

The output was:
2
/usr/bin/cygstart: bad argument -c: unknown option


Compiling the CXX compiler identification source file "CMakeCXXCompilerId.cpp" failed.
Compiler: /usr/bin/cygstart.exe 
Build flags: 
Id flags: --c++ 

The output was:
2
/usr/bin/cygstart: bad argument --c++: unknown option


Compiling the CXX compiler identification source file "CMakeCXXCompilerId.cpp" failed.
Compiler: /usr/bin/cygstart.exe 
Build flags: 
Id flags: --ec++ 

The output was:
2
/usr/bin/cygstart: bad argument --ec++: unknown option


Compiling the CXX compiler identification source file "CMakeCXXCompilerId.cpp" failed.
Compiler: /usr/bin/cygstart.exe 
Build flags: 
Id flags: --target=arm-arm-none-eabi;-mcpu=cortex-m3 

The output was:
2
/usr/bin/cygstart: bad argument --target=arm-arm-none-eabi: unknown option


Checking whether the CXX compiler is IAR using "" did not match "IAR .+ Compiler":
Usage: cygstart [-oxefpwv?] [-a|--action=STRING] [-o|--open] [-x|--explore]
        [-e|--edit] [-f|--find] [-p|--print] [-d|--directory=STRING]
        [--hide] [--maximize] [--minimize] [--restore] [--show]
        [--showmaximized] [--showminimized] [--showminnoactive] [--showna]
        [--shownoactivate] [--shownormal] [-w|--wait] [-v|--verbose]
        [-?|--help] [--usage] [--version] [--license] [--reference]
        [OPTION]... FILE [ARGUMENTS]
Checking whether the CXX compiler is IAR using "" did not match "IAR .+ Compiler":
Usage: cygstart [-oxefpwv?] [-a|--action=STRING] [-o|--open] [-x|--explore]
        [-e|--edit] [-f|--find] [-p|--print] [-d|--directory=STRING]
        [--hide] [--maximize] [--minimize] [--restore] [--show]
        [--showmaximized] [--showminimized] [--showminnoactive] [--showna]
        [--shownoactivate] [--shownormal] [-w|--wait] [-v|--verbose]
        [-?|--help] [--usage] [--version] [--license] [--reference]
        [OPTION]... FILE [ARGUMENTS]
Detecting CXX compiler ABI info failed to compile with the following output:
Change Dir: /cygdrive/f/ITU ALL DATA/SEMESTER 2/OBJECT ORIENTED PROGRAMMING/ASSIGNMENTS/2022-spring-ce-oop-week6-labtask-a-bsce21012/cmake-build-debug/CMakeFiles/CMakeTmp

Run Build Command(s):/usr/bin/make.exe -f Makefile cmTC_35d6d/fast && /usr/bin/make  -f CMakeFiles/cmTC_35d6d.dir/build.make CMakeFiles/cmTC_35d6d.dir/build
make[1]: Entering directory '/cygdrive/f/ITU ALL DATA/SEMESTER 2/OBJECT ORIENTED PROGRAMMING/ASSIGNMENTS/2022-spring-ce-oop-week6-labtask-a-bsce21012/cmake-build-debug/CMakeFiles/CMakeTmp'
Building CXX object CMakeFiles/cmTC_35d6d.dir/CMakeCXXCompilerABI.cpp.o
/usr/bin/cygstart.exe    -o CMakeFiles/cmTC_35d6d.dir/CMakeCXXCompilerABI.cpp.o -c /cygdrive/c/Users/Lenovo/AppData/Local/JetBrains/CLion2021.2/cygwin_cmake/share/cmake-3.20.2/Modules/CMakeCXXCompilerABI.cpp
Unable to start 'CMakeFiles\cmTC_35d6d.dir\CMakeCXXCompilerABI.cpp.o': The specified file was not found.
make[1]: *** [CMakeFiles/cmTC_35d6d.dir/build.make:78: CMakeFiles/cmTC_35d6d.dir/CMakeCXXCompilerABI.cpp.o] Error 1
make[1]: Leaving directory '/cygdrive/f/ITU ALL DATA/SEMESTER 2/OBJECT ORIENTED PROGRAMMING/ASSIGNMENTS/2022-spring-ce-oop-week6-labtask-a-bsce21012/cmake-build-debug/CMakeFiles/CMakeTmp'
make: *** [Makefile:127: cmTC_35d6d/fast] Error 2




Determining if the CXX compiler works failed with the following output:
Change Dir: /cygdrive/f/ITU ALL DATA/SEMESTER 2/OBJECT ORIENTED PROGRAMMING/ASSIGNMENTS/2022-spring-ce-oop-week6-labtask-a-bsce21012/cmake-build-debug/CMakeFiles/CMakeTmp

Run Build Command(s):/usr/bin/make.exe -f Makefile cmTC_1fcb0/fast && /usr/bin/make  -f CMakeFiles/cmTC_1fcb0.dir/build.make CMakeFiles/cmTC_1fcb0.dir/build
make[1]: Entering directory '/cygdrive/f/ITU ALL DATA/SEMESTER 2/OBJECT ORIENTED PROGRAMMING/ASSIGNMENTS/2022-spring-ce-oop-week6-labtask-a-bsce21012/cmake-build-debug/CMakeFiles/CMakeTmp'
Building CXX object CMakeFiles/cmTC_1fcb0.dir/testCXXCompiler.cxx.o
/usr/bin/cygstart.exe    -o CMakeFiles/cmTC_1fcb0.dir/testCXXCompiler.cxx.o -c "/cygdrive/f/ITU ALL DATA/SEMESTER 2/OBJECT ORIENTED PROGRAMMING/ASSIGNMENTS/2022-spring-ce-oop-week6-labtask-a-bsce21012/cmake-build-debug/CMakeFiles/CMakeTmp/testCXXCompiler.cxx"
Unable to start 'CMakeFiles\cmTC_1fcb0.dir\testCXXCompiler.cxx.o': The specified file was not found.
make[1]: *** [CMakeFiles/cmTC_1fcb0.dir/build.make:78: CMakeFiles/cmTC_1fcb0.dir/testCXXCompiler.cxx.o] Error 1
make[1]: Leaving directory '/cygdrive/f/ITU ALL DATA/SEMESTER 2/OBJECT ORIENTED PROGRAMMING/ASSIGNMENTS/2022-spring-ce-oop-week6-labtask-a-bsce21012/cmake-build-debug/CMakeFiles/CMakeTmp'
make: *** [Makefile:127: cmTC_1fcb0/fast] Error 2



